ADT: Fatal IO error 11 (Resource temporarily unavailable) on X server :0.
Eclipse:
JVM terminated. Exit code=1
/usr/bin/java
-Dosgi.requiredJavaVersion=1.6
-XX:MaxPermSize=256m
-Xms40m
-Xmx768m
-Declipse.buildId=v22.3.0-887826
-XX:MaxPermSize=512M
-jar /home/josenaves/Apps/adt/eclipse//plugins/org.eclipse.equinox.launcher_1.3.0.v20120522-1813.jar
-os linux
-ws gtk
-arch x86_64
-showsplash
-launcher /home/josenaves/Apps/adt/eclipse/eclipse
-name Eclipse
--launcher.library /home/josenaves/Apps/adt/eclipse//plugins/org.eclipse.equinox.launcher.gtk.linux.x86_64_1.1.200.v20120913-144807/eclipse_1502.so
-startup /home/josenaves/Apps/adt/eclipse//plugins/org.eclipse.equinox.launcher_1.3.0.v20120522-1813.jar
--launcher.overrideVmargs
-exitdata 688006
-product com.android.ide.eclipse.adt.package.product
-vm /usr/bin/java
-vmargs
-Dosgi.requiredJavaVersion=1.6
-XX:MaxPermSize=256m
-Xms40m
-Xmx768m
-Declipse.buildId=v22.3.0-887826
-XX:MaxPermSize=512M
-jar /home/josenaves/Apps/adt/eclipse//plugins/org.eclipse.equinox.launcher_1.3.0.v20120522-1813.jar 
